Traceback (most recent call last):
  File "src/feature_engineering/preprocess.py", line 44, in <module>
    main()
  File "src/feature_engineering/preprocess.py", line 35, in main
    feature_df = generate_features(df, selected_features)
  File "src/feature_engineering/preprocess.py", line 28, in generate_features
    feature_df = pd.concat([df[features]] + [pd.DataFrame(f) for f in all_features], axis=1)
  File "src/feature_engineering/preprocess.py", line 28, in <listcomp>
    feature_df = pd.concat([df[features]] + [pd.DataFrame(f) for f in all_features], axis=1)
  File "/opt/conda/envs/quant_trading/lib/python3.8/site-packages/pandas/core/frame.py", line 709, in __init__
    mgr = dict_to_mgr(data, index, columns, dtype=dtype, copy=copy, typ=manager)
  File "/opt/conda/envs/quant_trading/lib/python3.8/site-packages/pandas/core/internals/construction.py", line 481, in dict_to_mgr
    return arrays_to_mgr(arrays, columns, index, dtype=dtype, typ=typ, consolidate=copy)
  File "/opt/conda/envs/quant_trading/lib/python3.8/site-packages/pandas/core/internals/construction.py", line 153, in arrays_to_mgr
    return create_block_manager_from_column_arrays(
  File "/opt/conda/envs/quant_trading/lib/python3.8/site-packages/pandas/core/internals/managers.py", line 2137, in create_block_manager_from_column_arrays
    blocks = _form_blocks(arrays, consolidate, refs)
  File "/opt/conda/envs/quant_trading/lib/python3.8/site-packages/pandas/core/internals/managers.py", line 2215, in _form_blocks
    values, placement = _stack_arrays(list(tup_block), dtype)
  File "/opt/conda/envs/quant_trading/lib/python3.8/site-packages/pandas/core/internals/managers.py", line 2257, in _stack_arrays
    stacked[i] = arr
KeyboardInterrupt
